Flutter crash report.
Please report a bug at https://github.com/flutter/flutter/issues.

## command

flutter run

## exception

RPCError: getVM: (-32000) Service connection disposed

```
```

## flutter doctor

```
[32m[✓][39m Flutter (Channel master, 3.24.0-1.0.pre.591, on Microsoft Windows
    [Version 10.0.22631.3880], locale tr-TR)
    [32m•[39m Flutter version 3.24.0-1.0.pre.591 on channel master at C:\src\flutter
    [32m•[39m Upstream repository https://github.com/flutter/flutter.git
    [32m•[39m Framework revision 108a355453 (9 hours ago), 2024-08-14 15:53:36 -0700
    [32m•[39m Engine revision 76a1c64f4e
    [32m•[39m Dart version 3.6.0 (build 3.6.0-146.0.dev)
    [32m•[39m DevTools version 2.38.0

[32m[✓][39m Windows Version (Installed version of Windows is version 10 or higher)

[32m[✓][39m Android toolchain - develop for Android devices (Android SDK version
    35.0.0)
    [32m•[39m Android SDK at C:\Users\PC\AppData\Local\Android\sdk
    [32m•[39m Platform android-35, build-tools 35.0.0
    [32m•[39m Java binary at: C:\Program Files\Android\Android Studio\jbr\bin\java
    [32m•[39m Java version OpenJDK Runtime Environment (build 17.0.10+0--11609105)
    [32m•[39m All Android licenses accepted.

[32m[✓][39m Chrome - develop for the web
    [32m•[39m Chrome at C:\Program Files\Google\Chrome\Application\chrome.exe

[32m[✓][39m Visual Studio - develop Windows apps (Visual Studio Community 2022
    17.9.4)
    [32m•[39m Visual Studio at C:\Program Files\Microsoft Visual
      Studio\2022\Community
    [32m•[39m Visual Studio Community 2022 version 17.9.34714.143
    [32m•[39m Windows 10 SDK version 10.0.19041.0

[32m[✓][39m Android Studio (version 2024.1)
    [32m•[39m Android Studio at C:\Program Files\Android\Android Studio
    [32m•[39m Flutter plugin can be installed from:
      🔨 https://plugins.jetbrains.com/plugin/9212-flutter
    [32m•[39m Dart plugin can be installed from:
      🔨 https://plugins.jetbrains.com/plugin/6351-dart
    [32m•[39m Java version OpenJDK Runtime Environment (build 17.0.10+0--11609105)

[32m[✓][39m VS Code (version 1.92.1)
    [32m•[39m VS Code at C:\Users\PC\AppData\Local\Programs\Microsoft VS Code
    [32m•[39m Flutter extension version 3.94.0

[32m[✓][39m Connected device (3 available)
    [32m•[39m Windows (desktop) • windows • windows-x64    • Microsoft Windows
      [Version 10.0.22631.3880]
    [32m•[39m Chrome (web)      • chrome  • web-javascript • Google Chrome
      127.0.6533.119
    [32m•[39m Edge (web)        • edge    • web-javascript • Microsoft Edge
      127.0.2651.98

[32m[✓][39m Network resources
    [32m•[39m All expected network resources are available.

[32m•[39m No issues found!
```
